Arguments: 
  C:\Program Files\nodejs\node.exe C:\Users\cheon\AppData\Roaming\npm\node_modules\yarn\bin\yarn.js init

PATH: 
  C:\Users\cheon\bin;C:\Program Files\Git\mingw64\bin;C:\Program Files\Git\usr\local\bin;C:\Program Files\Git\usr\bin;C:\Program Files\Git\usr\bin;C:\Program Files\Git\mingw64\bin;C:\Program Files\Git\usr\bin;C:\Users\cheon\bin;C:\Program Files (x86)\Common Files\Oracle\Java\javapath;C:\Windows\system32;C:\Windows;C:\Windows\System32\Wbem;C:\Windows\System32\WindowsPowerShell\v1.0;C:\Windows\System32\OpenSSH;C:\Program Files\Java\jdk-12.0.1\bin;C:\Program Files (x86)\NVIDIA Corporation\PhysX\Common;C:\Program Files\nodejs;C:\Program Files\Java\apache-maven-3.6.3\bin;C:\Program Files (x86)\GitExtensions;C:\Program Files\Git\cmd;C:\Program Files\TortoiseSVN\bin;C:\Program Files\dotnet;C:\Users\cheon\AppData\Local\Programs\AdoptOpenJDK\jdk-11.0.10.9-hotspot\bin;C:\Users\cheon\AppData\Local\Programs\Python\Python38-32\Scripts;C:\Users\cheon\AppData\Local\Programs\Python\Python38-32;C:\Program Files\MySQL\MySQL Shell 8.0\bin;C:\Users\cheon\AppData\Local\Microsoft\WindowsApps;C:\Program Files\Bandizip;C:\Users\cheon\AppData\Local\GitHubDesktop\bin;C:\Users\cheon\AppData\Local\Programs\Microsoft VS Code\bin;C:\Users\cheon\AppData\Roaming\npm;C:\Users\cheon\.dotnet\tools;C:\Program Files\Git\usr\bin\vendor_perl;C:\Program Files\Git\usr\bin\core_perl

Yarn version: 
  1.22.10

Node version: 
  12.18.3

Platform: 
  win32 x64

Trace: 
  Error: Can't answer a question unless a user TTY
      at ConsoleReporter.question (C:\Users\cheon\AppData\Roaming\npm\node_modules\yarn\lib\cli.js:96361:59)
      at Object.<anonymous> (C:\Users\cheon\AppData\Roaming\npm\node_modules\yarn\lib\cli.js:88636:38)
      at Generator.next (<anonymous>)
      at step (C:\Users\cheon\AppData\Roaming\npm\node_modules\yarn\lib\cli.js:310:30)
      at C:\Users\cheon\AppData\Roaming\npm\node_modules\yarn\lib\cli.js:321:13

npm manifest: 
  No manifest

yarn manifest: 
  No manifest

Lockfile: 
  No lockfile
